SF:lib/core/di/service_locator.dart
DA:6,6
DA:8,0
DA:10,0
DA:11,0
DA:13,0
DA:14,0
LF:6
LH:1
end_of_record
SF:lib/core/network/api_client.dart
DA:6,0
DA:7,0
DA:10,0
DA:11,0
DA:12,0
DA:13,0
DA:16,0
DA:17,0
DA:18,0
LF:9
LH:0
end_of_record
SF:lib/features/user/data/datasources/user_remote_data_source.dart
DA:6,2
DA:9,2
DA:10,4
DA:11,5
DA:15,2
DA:16,4
DA:18,2
DA:20,4
DA:24,2
DA:25,4
DA:26,4
DA:27,2
DA:29,4
DA:33,2
DA:34,6
LF:15
LH:15
end_of_record
SF:lib/features/user/data/models/user_model.dart
DA:6,2
DA:8,4
DA:9,2
DA:10,2
DA:11,2
DA:14,10
DA:16,2
DA:19,2
DA:20,6
DA:21,6
DA:22,6
DA:23,6
DA:25,0
DA:26,0
LF:14
LH:12
end_of_record
SF:lib/features/user/presentation/providers/user_controller.dart
DA:12,1
DA:13,3
DA:19,1
DA:20,3
DA:23,1
DA:24,1
DA:25,2
DA:26,1
DA:30,1
DA:31,1
DA:32,2
DA:33,1
DA:37,1
DA:38,2
DA:39,1
DA:44,4
DA:45,1
LF:17
LH:17
end_of_record
SF:lib/features/user/presentation/providers/user_provider.dart
DA:6,8
DA:7,5
DA:8,1
LF:3
LH:3
end_of_record
SF:lib/core/network/network_info.dart
DA:9,0
DA:11,0
DA:13,0
LF:3
LH:0
end_of_record
SF:lib/features/user/domain/entities/user.dart
DA:5,2
LF:1
LH:1
end_of_record
SF:lib/features/user/presentation/pages/user_form_page.dart
DA:9,3
DA:11,0
DA:12,0
DA:20,0
DA:22,0
DA:23,0
DA:24,0
DA:27,0
DA:29,0
DA:30,0
DA:31,0
DA:34,0
DA:35,0
DA:36,0
DA:37,0
DA:39,0
DA:40,0
DA:42,0
DA:43,0
DA:45,0
DA:47,0
DA:50,0
DA:51,0
DA:54,0
DA:58,0
DA:60,0
DA:61,0
DA:62,0
DA:63,0
DA:65,0
DA:66,0
DA:67,0
DA:68,0
DA:72,0
DA:73,0
DA:77,0
DA:78,0
DA:80,0
DA:81,0
DA:82,0
LF:40
LH:1
end_of_record
SF:lib/features/user/presentation/pages/user_page.dart
DA:12,3
DA:14,1
DA:17,2
DA:19,1
DA:20,1
DA:22,1
DA:23,1
DA:25,0
DA:26,0
DA:31,1
DA:32,0
DA:33,0
DA:34,0
DA:35,0
DA:36,0
DA:37,0
DA:38,0
DA:39,0
DA:41,0
DA:42,0
DA:44,0
DA:45,0
DA:46,0
DA:50,0
DA:52,0
DA:54,0
DA:62,1
DA:63,4
LF:28
LH:10
end_of_record
SF:lib/main.dart
DA:6,0
DA:7,0
DA:8,0
DA:10,0
DA:18,4
DA:20,1
DA:22,1
DA:24,1
DA:25,1
LF:9
LH:5
end_of_record
SF:lib/routes/app_router.dart
DA:5,3
DA:6,1
DA:7,1
DA:9,1
LF:4
LH:4
end_of_record
